Flutter crash report.
Please report a bug at https://github.com/flutter/flutter/issues.

## command

flutter pub get --no-example

## exception

FileSystemException: FileSystemException: Deletion failed, path = '/Users/snehmehta/work/ensemble/ensemble/modules/ensemble/.android' (OS Error: Directory not empty, errno = 66)

```
#0      _Directory._deleteSync (dart:io/directory_impl.dart:188:7)
#1      FileSystemEntity.deleteSync (dart:io/file_system_entity.dart:407:7)
#2      ForwardingFileSystemEntity.deleteSync (package:file/src/forwarding/forwarding_file_system_entity.dart:70:16)
#3      ErrorHandlingDirectory.deleteSync.<anonymous closure> (package:flutter_tools/src/base/error_handling_io.dart:479:22)
#4      _runSync (package:flutter_tools/src/base/error_handling_io.dart:587:14)
#5      ErrorHandlingDirectory.deleteSync (package:flutter_tools/src/base/error_handling_io.dart:478:12)
#6      ErrorHandlingFileSystem.deleteIfExists (package:flutter_tools/src/base/error_handling_io.dart:80:12)
#7      AndroidProject._regenerateLibrary (package:flutter_tools/src/project.dart:710:29)
#8      AndroidProject.ensureReadyForPlatformSpecificTooling (package:flutter_tools/src/project.dart:685:13)
#9      FlutterProject.ensureReadyForPlatformSpecificTooling (package:flutter_tools/src/project.dart:371:21)
<asynchronous suspension>
#10     PackagesGetCommand.runCommand (package:flutter_tools/src/commands/packages.dart:382:7)
<asynchronous suspension>
#11     FlutterCommand.run.<anonymous closure> (package:flutter_tools/src/runner/flutter_command.dart:1389:27)
<asynchronous suspension>
#12     AppContext.run.<anonymous closure> (package:flutter_tools/src/base/context.dart:153:19)
<asynchronous suspension>
#13     CommandRunner.runCommand (package:args/command_runner.dart:212:13)
<asynchronous suspension>
#14     FlutterCommandRunner.runCommand.<anonymous closure> (package:flutter_tools/src/runner/flutter_command_runner.dart:355:9)
<asynchronous suspension>
#15     AppContext.run.<anonymous closure> (package:flutter_tools/src/base/context.dart:153:19)
<asynchronous suspension>
#16     FlutterCommandRunner.runCommand (package:flutter_tools/src/runner/flutter_command_runner.dart:295:5)
<asynchronous suspension>
#17     run.<anonymous closure>.<anonymous closure> (package:flutter_tools/runner.dart:119:9)
<asynchronous suspension>
#18     AppContext.run.<anonymous closure> (package:flutter_tools/src/base/context.dart:153:19)
<asynchronous suspension>
#19     main (package:flutter_tools/executable.dart:90:3)
<asynchronous suspension>
```

## flutter doctor

```
[!] Flutter (Channel stable, 3.19.5, on macOS 14.5 23F79 darwin-arm64, locale en-IN)
    • Flutter version 3.19.5 on channel stable at /Users/snehmehta/fvm/versions/3.19.5
    ! The flutter binary is not on your path. Consider adding /Users/snehmehta/fvm/versions/3.19.5/bin to your path.
    ! The dart binary is not on your path. Consider adding /Users/snehmehta/fvm/versions/3.19.5/bin to your path.
    • Upstream repository https://github.com/flutter/flutter.git
    • Framework revision 300451adae (7 months ago), 2024-03-27 21:54:07 -0500
    • Engine revision e76c956498
    • Dart version 3.3.3
    • DevTools version 2.31.1
    • If those were intentional, you can disregard the above warnings; however it is recommended to use "git" directly to perform update checks and upgrades.

[✓] Android toolchain - develop for Android devices (Android SDK version 34.0.0)
    • Android SDK at /Users/snehmehta/sdk
    • Platform android-34, build-tools 34.0.0
    • ANDROID_HOME = /Users/snehmehta/sdk
    • Java binary at: /opt/homebrew/opt/openjdk@17/bin/java
    • Java version OpenJDK Runtime Environment Homebrew (build 17.0.12+0)
    • All Android licenses accepted.

[✓] Xcode - develop for iOS and macOS (Xcode 15.4)
    • Xcode at /Users/snehmehta/Downloads/Xcode.app/Contents/Developer
    • Build 15F31d
    • CocoaPods version 1.15.2

[✓] Chrome - develop for the web
    • Chrome at /Applications/Google Chrome.app/Contents/MacOS/Google Chrome

[!] Android Studio (not installed)
    • Android Studio not found; download from https://developer.android.com/studio/index.html
      (or visit https://flutter.dev/docs/get-started/install/macos#android-setup for detailed instructions).

[✓] VS Code (version 1.94.2)
    • VS Code at /Applications/Visual Studio Code.app/Contents
    • Flutter extension version 3.98.0

[✓] Connected device (3 available)
    • Sneh’s iPhone (mobile) • 00008110-0001250E3C22401E • ios            • iOS 17.6.1 21G93
    • macOS (desktop)        • macos                     • darwin-arm64   • macOS 14.5 23F79 darwin-arm64
    • Chrome (web)           • chrome                    • web-javascript • Google Chrome 130.0.6723.70

[✓] Network resources
    • All expected network resources are available.

! Doctor found issues in 2 categories.
```
